\BOOKMARK [0][-]{chapter*.4}{\376\377\000T\000a\000b\000l\000e\000\040\000d\000e\000s\000\040\000m\000a\000t\000i\000\350\000r\000e\000s}{}% 1
\BOOKMARK [0][-]{chapter*.5}{\376\377\000L\000i\000s\000t\000e\000\040\000d\000e\000s\000\040\000f\000i\000g\000u\000r\000e\000s}{}% 2
\BOOKMARK [0][-]{chapter*.6}{\376\377\000L\000i\000s\000t\000e\000\040\000d\000e\000s\000\040\000t\000a\000b\000l\000e\000a\000u\000x}{}% 3
\BOOKMARK [0][-]{chapter*.6}{\376\377\000L\000i\000s\000t\000e\000\040\000d\000e\000s\000\040\000a\000b\000r\000\351\000v\000i\000a\000t\000i\000o\000n\000s}{}% 4
\BOOKMARK [0][-]{chapter*.7}{\376\377\000I\000n\000t\000r\000o\000d\000u\000c\000t\000i\000o\000n\000\040\000g\000\351\000n\000\351\000r\000a\000l\000e}{}% 5
\BOOKMARK [0][-]{chapter.1}{\376\377\000D\000\351\000f\000i\000n\000i\000t\000i\000o\000n\000\040\000e\000t\000\040\000g\000\351\000n\000\351\000r\000a\000l\000i\000t\000\351\000\040\000s\000u\000r\000\040\000l\000e\000\040\000s\000y\000s\000t\000\350\000m\000e\000\040\000d\000'\000i\000n\000f\000o\000r\000m\000a\000t\000i\000o\000n\000\040}{}% 6
\BOOKMARK [1][-]{section.1.1}{\376\377\000I\000n\000t\000r\000o\000d\000u\000c\000t\000i\000o\000n\000\040}{chapter.1}% 7
\BOOKMARK [1][-]{section.1.2}{\376\377\000D\000\351\000f\000i\000n\000i\000t\000i\000o\000n\000\040\000d\000'\000u\000n\000\040\000s\000y\000s\000t\000\350\000m\000e\000\040\000d\000'\000i\000n\000f\000o\000r\000m\000a\000t\000i\000o\000n\000\040}{chapter.1}% 8
\BOOKMARK [1][-]{section.1.3}{\376\377\000C\000o\000m\000p\000o\000s\000a\000n\000t\000s\000\040\000d\000e\000s\000\040\000s\000y\000s\000t\000\350\000m\000e\000s\000\040\000d\000'\000i\000n\000f\000o\000r\000m\000a\000t\000i\000o\000n\000\040}{chapter.1}% 9
\BOOKMARK [2][-]{subsection.1.3.1}{\376\377\000M\000a\000t\000\351\000r\000i\000a\000l\000\040}{section.1.3}% 10
\BOOKMARK [2][-]{subsection.1.3.2}{\376\377\000L\000o\000g\000i\000c\000i\000e\000l\000\040}{section.1.3}% 11
\BOOKMARK [2][-]{subsection.1.3.3}{\376\377\000T\000\351\000l\000\351\000c\000o\000m\000m\000u\000n\000i\000c\000a\000t\000i\000o\000n\000s\000\040}{section.1.3}% 12
\BOOKMARK [2][-]{subsection.1.3.4}{\376\377\000D\000o\000n\000n\000\351\000e\000s\000\040}{section.1.3}% 13
\BOOKMARK [2][-]{subsection.1.3.5}{\376\377\000L\000o\000g\000i\000c\000i\000e\000l\000\040}{section.1.3}% 14
\BOOKMARK [2][-]{subsection.1.3.6}{\376\377\000T\000\351\000l\000\351\000c\000o\000m\000m\000u\000n\000i\000c\000a\000t\000i\000o\000n\000s\000\040}{section.1.3}% 15
\BOOKMARK [2][-]{subsection.1.3.7}{\376\377\000D\000o\000n\000n\000\351\000e\000s\000\040}{section.1.3}% 16
\BOOKMARK [2][-]{subsection.1.3.8}{\376\377\000R\000e\000s\000s\000o\000u\000r\000c\000e\000s\000\040\000h\000u\000m\000a\000i\000n\000e\000s\000\040}{section.1.3}% 17
\BOOKMARK [1][-]{section.1.4}{\376\377\000F\000o\000n\000c\000t\000i\000o\000n\000s\000\040\000e\000t\000\040\000f\000o\000n\000c\000t\000i\000o\000n\000n\000e\000m\000e\000n\000t\000\040\000d\000e\000s\000\040\000s\000y\000s\000t\000\350\000m\000e\000s\000\040\000d\040\031\000i\000n\000f\000o\000r\000m\000a\000t\000i\000o\000n\000s\000\040}{chapter.1}% 18
\BOOKMARK [1][-]{section.1.5}{\376\377\000F\000o\000n\000c\000t\000i\000o\000n\000s\000\040\000e\000t\000\040\000f\000o\000n\000c\000t\000i\000o\000n\000n\000e\000m\000e\000n\000t\000\040\000d\000e\000s\000\040\000s\000y\000s\000t\000\350\000m\000e\000s\000\040\000d\040\031\000i\000n\000f\000o\000r\000m\000a\000t\000i\000o\000n\000s\000\040}{chapter.1}% 19
\BOOKMARK [2][-]{subsection.1.5.1}{\376\377\000C\000o\000l\000l\000e\000c\000t\000e\000r\000\040}{section.1.5}% 20
\BOOKMARK [2][-]{subsection.1.5.2}{\376\377\000S\000t\000o\000c\000k\000e\000r\000\040}{section.1.5}% 21
\BOOKMARK [2][-]{subsection.1.5.3}{\376\377\000T\000r\000a\000i\000t\000e\000r\000\040}{section.1.5}% 22
\BOOKMARK [2][-]{subsection.1.5.4}{\376\377\000D\000i\000f\000f\000u\000s\000e\000r\000\040\000l\000'\000i\000n\000f\000o\000r\000m\000a\000t\000i\000o\000n\000\040}{section.1.5}% 23
\BOOKMARK [1][-]{section.1.6}{\376\377\000T\000y\000p\000e\000\040\000d\000e\000\040\000s\000y\000s\000t\000\350\000m\000e\000\040\000d\000'\000i\000n\000f\000o\000r\000m\000a\000t\000i\000o\000n\000\040}{chapter.1}% 24
\BOOKMARK [1][-]{section.1.7}{\376\377\000C\000o\000n\000c\000l\000u\000s\000i\000o\000n\000\040}{chapter.1}% 25
\BOOKMARK [2][-]{subsection.1.7.1}{\376\377\000D\000i\000f\000f\000u\000s\000e\000r\000\040\000l\000'\000i\000n\000f\000o\000r\000m\000a\000t\000i\000o\000n\000\040}{section.1.7}% 26
\BOOKMARK [0][-]{chapter.2}{\376\377\000G\000\351\000n\000\351\000r\000a\000l\000i\000t\000\351\000\040\000s\000u\000r\000\040\000l\000e\000\040\000d\000\351\000v\000e\000l\000o\000p\000p\000e\000m\000e\000n\000t\000\040\000w\000e\000b\000\040}{}% 27
\BOOKMARK [1][-]{section.2.1}{\376\377\000I\000n\000t\000r\000o\000d\000u\000c\000t\000i\000o\000n\000\040}{chapter.2}% 28
\BOOKMARK [1][-]{section.2.2}{\376\377\000R\000\351\000s\000e\000a\000u\000x\000\040\000i\000n\000f\000o\000r\000m\000a\000t\000i\000q\000u\000e}{chapter.2}% 29
\BOOKMARK [2][-]{subsection.2.2.1}{\376\377\000W\000e\000b\000\040}{section.2.2}% 30
\BOOKMARK [2][-]{subsection.2.2.2}{\376\377\000P\000r\000o\000t\000o\000c\000o\000l\000\040\000H\000T\000T\000P\000\040\000e\000t\000\040\000H\000T\000T\000P\000s\000\040}{section.2.2}% 31
\BOOKMARK [2][-]{subsection.2.2.3}{\376\377\000A\000r\000c\000h\000i\000t\000e\000c\000t\000u\000r\000e\000\040\000C\000l\000i\000e\000n\000t\000-\000S\000e\000r\000v\000e\000u\000r\000\040}{section.2.2}% 32
\BOOKMARK [2][-]{subsection.2.2.4}{\376\377\000A\000r\000c\000h\000i\000t\000e\000c\000t\000u\000r\000e\000\040\000R\000e\000s\000t\000A\000P\000I\000\040}{section.2.2}% 33
\BOOKMARK [1][-]{section.2.3}{\376\377\000D\000\351\000v\000e\000l\000o\000p\000p\000e\000m\000e\000n\000t\000\040\000w\000e\000b\000\040}{chapter.2}% 34
\BOOKMARK [2][-]{subsection.2.3.1}{\376\377\000A\000p\000p\000l\000i\000c\000a\000t\000i\000o\000n\000\040\000w\000e\000b\000\040}{section.2.3}% 35
\BOOKMARK [3][-]{subsubsection.2.3.1.1}{\376\377\000B\000a\000c\000k\000-\000e\000n\000d\000\040}{subsection.2.3.1}% 36
\BOOKMARK [3][-]{subsubsection.2.3.1.2}{\376\377\000F\000r\000o\000n\000t\000-\000e\000n\000d\000\040}{subsection.2.3.1}% 37
\BOOKMARK [0][-]{chapter.3}{\376\377\000C\000o\000n\000c\000e\000p\000t\000i\000o\000n}{}% 38
\BOOKMARK [1][-]{section.3.1}{\376\377\000I\000n\000t\000r\000o\000d\000u\000c\000t\000i\000o\000n}{chapter.3}% 39
\BOOKMARK [1][-]{section.3.2}{\376\377\000S\000p\000\351\000c\000i\000f\000i\000c\000a\000t\000i\000o\000n\000\040\000d\000e\000s\000\040\000b\000e\000s\000o\000i\000n\000\040}{chapter.3}% 40
\BOOKMARK [2][-]{subsection.3.2.1}{\376\377\000B\000e\000s\000o\000i\000n\000s\000\040\000f\000o\000n\000c\000t\000i\000o\000n\000n\000e\000l\000s\000\040\000e\000t\000\040\000n\000o\000n\000\040\000f\000o\000n\000c\000t\000i\000o\000n\000n\000e\000l\000s\000\040}{section.3.2}% 41
\BOOKMARK [3][-]{subsubsection.3.2.1.1}{\376\377\000B\000e\000s\000o\000i\000n\000s\000\040\000f\000o\000n\000c\000t\000i\000o\000n\000n\000e\000l\000s\000\040}{subsection.3.2.1}% 42
\BOOKMARK [3][-]{subsubsection.3.2.1.2}{\376\377\000B\000e\000s\000o\000i\000n\000s\000\040\000n\000o\000n\000\040\000f\000o\000n\000c\000t\000i\000o\000n\000n\000e\000l\000s\000\040}{subsection.3.2.1}% 43
\BOOKMARK [2][-]{subsection.3.2.2}{\376\377\000L\040\031\000a\000p\000p\000r\000o\000c\000h\000e\000\040\000U\000P\000\040\000\050\000U\000n\000i\000f\000i\000e\000d\000\040\000P\000r\000o\000c\000e\000s\000s\000\051\000\040}{section.3.2}% 44
\BOOKMARK [3][-]{subsubsection.3.2.2.1}{\376\377\000P\000r\000o\000c\000e\000s\000s\000u\000s\000\040\000u\000n\000i\000f\000i\000\351\000\040}{subsection.3.2.2}% 45
\BOOKMARK [3][-]{subsubsection.3.2.2.2}{\376\377\000L\000e\000\040\000p\000r\000o\000c\000e\000s\000s\000u\000s\000\040\0002\000T\000U\000P\000\040}{subsection.3.2.2}% 46
\BOOKMARK [3][-]{subsubsection.3.2.2.3}{\376\377\000L\000e\000\040\000l\000a\000n\000g\000a\000g\000e\000\040\000U\000M\000L\000\040}{subsection.3.2.2}% 47
\BOOKMARK [3][-]{subsubsection.3.2.2.4}{\376\377\000D\000\351\000f\000i\000n\000i\000t\000i\000o\000n\000\040\000d\040\031\000u\000n\000\040\000m\000o\000d\000\350\000l\000e\000\040}{subsection.3.2.2}% 48
\BOOKMARK [3][-]{subsubsection.3.2.2.5}{\376\377\000L\000e\000s\000\040\000d\000i\000f\000f\000\351\000r\000e\000n\000t\000s\000\040\000t\000y\000p\000e\000s\000\040\000d\000i\000a\000g\000r\000a\000m\000m\000e\000s\000\040\000d\040\031\000U\000M\000L}{subsection.3.2.2}% 49
\BOOKMARK [1][-]{section.3.3}{\376\377\000I\000d\000e\000n\000t\000i\000f\000i\000c\000a\000t\000i\000o\000n\000\040\000d\000e\000s\000\040\000a\000c\000t\000e\000u\000r\000s\000\040}{chapter.3}% 50
\BOOKMARK [1][-]{section.3.4}{\376\377\000L\000e\000s\000\040\000D\000i\000a\000g\000r\000a\000m\000m\000e\000s\000\040\000d\000e\000s\000\040\000c\000a\000s\000\040\000d\000'\000u\000t\000i\000l\000i\000s\000a\000t\000i\000o\000n\000\040}{chapter.3}% 51
\BOOKMARK [2][-]{subsection.3.4.1}{\376\377\000D\000i\000a\000g\000r\000a\000m\000m\000e\000\040\000g\000l\000o\000b\000a\000l\000\040\000d\000e\000s\000\040\000c\000a\000s\000\040\000d\000'\000u\000t\000i\000l\000i\000s\000a\000t\000i\000o\000n\000s\000\040}{section.3.4}% 52
\BOOKMARK [2][-]{subsection.3.4.2}{\376\377\000L\000e\000s\000\040\000d\000i\000f\000f\000\351\000r\000e\000n\000t\000s\000\040\000c\000a\000s\000\040\000d\000'\000u\000t\000i\000l\000i\000s\000a\000t\000i\000o\000n\000\040}{section.3.4}% 53
\BOOKMARK [2][-]{subsection.3.4.3}{\376\377\000L\000e\000\040\000c\000a\000s\000\040\000d\000'\000u\000t\000i\000l\000i\000s\000a\000t\000i\000o\000n\000\040\000A\000u\000t\000h\000e\000n\000t\000i\000f\000i\000c\000a\000t\000i\000o\000n\000\040}{section.3.4}% 54
\BOOKMARK [3][-]{subsubsection.3.4.3.1}{\376\377\000D\000i\000a\000g\000r\000a\000m\000m\000e\000\040\000d\000e\000\040\000c\000a\000s\000\040\000d\040\031\000u\000t\000i\000l\000i\000s\000a\000t\000i\000o\000n\000\040\000A\000u\000t\000h\000e\000n\000t\000i\000f\000i\000c\000a\000t\000i\000o\000n}{subsection.3.4.3}% 55
\BOOKMARK [2][-]{subsection.3.4.4}{\376\377\000L\000e\000\040\000c\000a\000s\000\040\000d\000'\000u\000t\000i\000l\000i\000s\000a\000t\000i\000o\000n\000\040\000I\000n\000s\000c\000r\000i\000p\000t\000i\000o\000n}{section.3.4}% 56
\BOOKMARK [3][-]{subsubsection.3.4.4.1}{\376\377\000D\000i\000a\000g\000r\000a\000m\000m\000e\000\040\000d\000e\000\040\000c\000a\000s\000\040\000d\040\031\000u\000t\000i\000l\000i\000s\000a\000t\000i\000o\000n\000\040\000I\000n\000s\000c\000r\000i\000p\000t\000i\000o\000n\000\040}{subsection.3.4.4}% 57
\BOOKMARK [2][-]{subsection.3.4.5}{\376\377\000L\000e\000\040\000c\000a\000s\000\040\000d\000'\000u\000t\000i\000l\000i\000s\000a\000t\000i\000o\000n\000\040\000D\000\351\000c\000o\000n\000n\000e\000x\000i\000o\000n\000\040}{section.3.4}% 58
\BOOKMARK [3][-]{subsubsection.3.4.5.1}{\376\377\000D\000i\000a\000g\000r\000a\000m\000m\000e\000\040\000d\000u\000\040\000c\000a\000s\000\040\000d\000'\000u\000t\000i\000l\000i\000s\000a\000t\000i\000o\000n\000\040\000D\000\351\000c\000o\000n\000n\000e\000x\000i\000o\000n}{subsection.3.4.5}% 59
\BOOKMARK [2][-]{subsection.3.4.6}{\376\377\000L\000e\000\040\000c\000a\000s\000\040\000d\000'\000u\000t\000i\000l\000i\000s\000a\000t\000i\000o\000n\000\040\000G\000e\000s\000t\000i\000o\000n\000\040\000d\000e\000\040\000p\000r\000o\000f\000i\000l\000\040}{section.3.4}% 60
\BOOKMARK [3][-]{subsubsection.3.4.6.1}{\376\377\000D\000i\000a\000g\000r\000a\000m\000m\000e\000\040\000d\000e\000\040\000c\000a\000s\000\040\000d\040\031\000u\000t\000i\000l\000i\000s\000a\000t\000i\000o\000n\000\040\000G\000e\000s\000t\000i\000o\000n\000\040\000d\000e\000\040\000p\000r\000o\000f\000i\000l}{subsection.3.4.6}% 61
\BOOKMARK [2][-]{subsection.3.4.7}{\376\377\000L\000e\000\040\000c\000a\000s\000\040\000d\000'\000u\000t\000i\000l\000i\000s\000a\000t\000i\000o\000n\000\040\000g\000e\000s\000t\000i\000o\000n\000\040\000d\000e\000\040\000p\000r\000o\000d\000u\000i\000t\000\040}{section.3.4}% 62
\BOOKMARK [3][-]{subsubsection.3.4.7.1}{\376\377\000D\000i\000a\000g\000r\000a\000m\000m\000e\000\040\000d\000e\000\040\000c\000a\000s\000\040\000d\040\031\000u\000t\000i\000l\000i\000s\000a\000t\000i\000o\000n\000\040\000G\000e\000s\000t\000i\000o\000n\000\040\000d\000e\000\040\000p\000r\000o\000d\000u\000i\000t\000\040\000e\000t\000\040\000s\000e\000r\000v\000i\000c\000e}{subsection.3.4.7}% 63
\BOOKMARK [2][-]{subsection.3.4.8}{\376\377\000L\000e\000\040\000c\000a\000s\000\040\000d\000'\000u\000t\000i\000l\000i\000s\000a\000t\000i\000o\000n\000\040\000d\000o\000n\000n\000e\000r\000\040\000a\000v\000i\000s\000\040}{section.3.4}% 64
\BOOKMARK [3][-]{subsubsection.3.4.8.1}{\376\377\000D\000i\000a\000g\000r\000a\000m\000m\000e\000\040\000d\000e\000\040\000c\000a\000s\000\040\000d\040\031\000u\000t\000i\000l\000i\000s\000a\000t\000i\000o\000n\000\040\000d\000o\000n\000n\000e\000r\000\040\000a\000v\000i\000s}{subsection.3.4.8}% 65
\BOOKMARK [2][-]{subsection.3.4.9}{\376\377\000L\000e\000\040\000c\000a\000s\000\040\000d\000'\000u\000t\000i\000l\000i\000s\000a\000t\000i\000o\000n\000\040\000g\000e\000s\000t\000i\000o\000n\000\040\000d\000e\000\040\000c\000a\000t\000\351\000g\000o\000r\000i\000e\000\040\000e\000t\000\040\000s\000o\000u\000s\000-\000c\000a\000t\000\351\000g\000o\000r\000i\000e\000\040}{section.3.4}% 66
\BOOKMARK [3][-]{subsubsection.3.4.9.1}{\376\377\000D\000i\000a\000g\000r\000a\000m\000m\000e\000\040\000d\000e\000\040\000c\000a\000s\000\040\000d\040\031\000u\000t\000i\000l\000i\000s\000a\000t\000i\000o\000n\000\040\000g\000e\000s\000t\000i\000o\000n\000\040\000d\000e\000\040\000c\000a\000t\000\351\000g\000o\000r\000i\000e\000\040\000e\000t\000\040\000s\000o\000u\000s\000-\000c\000a\000t\000\351\000g\000o\000r\000i\000e\000\040}{subsection.3.4.9}% 67
\BOOKMARK [1][-]{section.3.5}{\376\377\000D\000i\000a\000g\000r\000a\000m\000m\000e\000\040\000d\000e\000\040\000s\000\351\000q\000u\000e\000n\000c\000e\000\040}{chapter.3}% 68
\BOOKMARK [2][-]{subsection.3.5.1}{\376\377\000D\000i\000a\000g\000r\000a\000m\000m\000e\000\040\000d\000e\000\040\000s\000\351\000q\000u\000e\000n\000c\000e\000\040\000d\000'\000A\000u\000t\000h\000e\000n\000t\000i\000f\000i\000c\000a\000t\000i\000o\000n\000\040}{section.3.5}% 69
\BOOKMARK [2][-]{subsection.3.5.2}{\376\377\000D\000i\000a\000g\000r\000a\000m\000m\000e\000\040\000d\000e\000\040\000s\000\351\000q\000u\000e\000n\000c\000e\000\040\000m\000o\000d\000i\000f\000i\000c\000a\000t\000i\000o\000n\000\040\000d\000e\000\040\000m\000o\000t\000\040\000d\000e\000\040\000p\000a\000s\000s\000e\000\040}{section.3.5}% 70
\BOOKMARK [2][-]{subsection.3.5.3}{\376\377\000D\000i\000a\000g\000r\000a\000m\000m\000e\000\040\000d\000e\000\040\000s\000\351\000q\000u\000e\000n\000c\000e\000\040\000A\000j\000o\000u\000t\000\040\000d\000e\000\040\000p\000r\000o\000d\000u\000i\000t\000/\000s\000e\000r\000v\000i\000c\000e\000\040}{section.3.5}% 71
\BOOKMARK [2][-]{subsection.3.5.4}{\376\377\000D\000i\000a\000g\000r\000a\000m\000m\000e\000\040\000d\000e\000\040\000s\000\351\000q\000u\000e\000n\000c\000e\000\040\000d\000o\000n\000n\000e\000r\000\040\000a\000v\000i\000s\000\040}{section.3.5}% 72
\BOOKMARK [0][-]{chapter.4}{\376\377\000R\000\351\000a\000l\000i\000s\000a\000t\000i\000o\000n\000\040}{}% 73
\BOOKMARK [1][-]{section.4.1}{\376\377\000I\000n\000t\000r\000o\000d\000u\000c\000t\000i\000o\000n}{chapter.4}% 74
\BOOKMARK [0][-]{section.4.1}{\376\377\000C\000o\000n\000c\000l\000u\000s\000i\000o\000n\000\040\000g\000\351\000n\000\351\000r\000a\000l\000e}{}% 75
